app/build/intermediates/manifest_merge_blame_file/debug/processDebugMainManifest/manifest-merger-blame-debug-report.txt
1<?xml version="1.0" encoding="utf-8"?>
2<manifest xmlns:android="http://schemas.android.com/apk/res/android"
3    package="com.calendar.cleaner"
4    android:versionCode="1"
5    android:versionName="1.0" >
6
7    <uses-sdk
8        android:minSdkVersion="26"
9        android:targetSdkVersion="34" />
10
11    <application
11-->src\main\AndroidManifest.xml:3:5-15:19
12        android:allowBackup="false"
12-->src\main\AndroidManifest.xml:4:9-36
13        android:debuggable="true"
14        android:extractNativeLibs="false"
15        android:label="CalendarCleaner" >
15-->src\main\AndroidManifest.xml:5:9-40
16        <meta-data
16-->src\main\AndroidManifest.xml:6:9-8:35
17            android:name="xposedmodule"
17-->src\main\AndroidManifest.xml:7:13-40
18            android:value="true" />
18-->src\main\AndroidManifest.xml:8:13-33
19        <meta-data
19-->src\main\AndroidManifest.xml:9:9-11:96
20            android:name="xposeddescription"
20-->src\main\AndroidManifest.xml:10:13-45
21            android:value="Remove Chinese lunar calendar from ColorOS Calendar. By rodion353" />
21-->src\main\AndroidManifest.xml:11:13-94
22        <meta-data
22-->src\main\AndroidManifest.xml:12:9-14:33
23            android:name="xposedminversion"
23-->src\main\AndroidManifest.xml:13:13-44
24            android:value="82" />
24-->src\main\AndroidManifest.xml:14:13-31
25    </application>
26
27</manifest>